<?xml version="1.0" encoding="UTF-8"?>
<TestRun id="f90a960d-4c55-4325-97be-14eac5607f6d" name="Christopher@DOOGAL3 2013-05-23 07:36:15" runUser="DOOGAL3\Christopher" xmlns="http://microsoft.com/schemas/VisualStudio/TeamTest/2010">
  <TestSettings name="Local Test Run" id="33459d84-86fb-491a-8874-767fff183d66">
    <Description>This is a default test run configuration for a local test run.</Description>
    <Deployment runDeploymentRoot="Christopher_DOOGAL3 2013-05-23 07_36_15">
      <DeploymentItem filename="C:\Users\Christopher\Documents\Visual Studio 2010\Projects\DotNetCoords\bin\Debug\DotNetCoords.dll" />
    </Deployment>
    <Execution>
      <TestTypeSpecific />
      <AgentRule name="Execution Agents">
      </AgentRule>
    </Execution>
  </TestSettings>
  <Times creation="2013-05-23T07:36:15.9456934+01:00" queuing="2013-05-23T07:36:16.8644103+01:00" start="2013-05-23T07:36:16.8994224+01:00" finish="2013-05-23T07:36:17.7751521+01:00" />
  <ResultSummary outcome="Completed">
    <Counters total="12" executed="12" passed="12" error="0" failed="0" timeout="0" aborted="0" inconclusive="0" passedButRunAborted="0" notRunnable="0" notExecuted="0" disconnected="0" warning="0" completed="0" inProgress="0" pending="0" />
  </ResultSummary>
  <TestDefinitions>
    <UnitTest name="TestOsRefConstructorFromLatLng" storage="c:\users\christopher\documents\visual studio 2010\projects\dotnetcoordstest\bin\debug\dotnetcoordstest.dll" id="2b8d376f-6fa3-7eb7-c1f3-0655e9a6fcdc">
      <Execution id="1721a269-cc50-4c7c-9a35-c46677dd9c29" />
      <TestMethod codeBase="C:/Users/Christopher/Documents/Visual Studio 2010/Projects/DotNetCoordsTest/bin/Debug/DotNetCoordsTest.DLL" adapterTypeName="Microsoft.VisualStudio.TestTools.TestTypes.Unit.UnitTestAdapter, Microsoft.VisualStudio.QualityTools.Tips.UnitTest.Adapter, Version=10.0.0.0, Culture=neutral, PublicKeyToken=b03f5f7f11d50a3a" className="DotNetCoordsTest.UnitTest1, DotNetCoordsTest, Version=1.0.0.0, Culture=neutral, PublicKeyToken=null" name="TestOsRefConstructorFromLatLng" />
    </UnitTest>
    <UnitTest name="CompareToWGS84WithToDatum" storage="c:\users\christopher\documents\visual studio 2010\projects\dotnetcoordstest\bin\debug\dotnetcoordstest.dll" id="e1b58b0d-25a5-7b09-dea6-56f9bf4e8c41">
      <Execution id="84fa1180-a284-48a0-9734-69d3167f4aa8" />
      <TestMethod codeBase="C:/Users/Christopher/Documents/Visual Studio 2010/Projects/DotNetCoordsTest/bin/Debug/DotNetCoordsTest.DLL" adapterTypeName="Microsoft.VisualStudio.TestTools.TestTypes.Unit.UnitTestAdapter, Microsoft.VisualStudio.QualityTools.Tips.UnitTest.Adapter, Version=10.0.0.0, Culture=neutral, PublicKeyToken=b03f5f7f11d50a3a" className="DotNetCoordsTest.UnitTest1, DotNetCoordsTest, Version=1.0.0.0, Culture=neutral, PublicKeyToken=null" name="CompareToWGS84WithToDatum" />
    </UnitTest>
    <UnitTest name="TestUTMRefToString" storage="c:\users\christopher\documents\visual studio 2010\projects\dotnetcoordstest\bin\debug\dotnetcoordstest.dll" id="789de91a-7598-925a-7391-ee91ddcd8368">
      <Execution id="1aa83d78-1425-4ae2-95e4-c89fbdebe169" />
      <TestMethod codeBase="C:/Users/Christopher/Documents/Visual Studio 2010/Projects/DotNetCoordsTest/bin/Debug/DotNetCoordsTest.DLL" adapterTypeName="Microsoft.VisualStudio.TestTools.TestTypes.Unit.UnitTestAdapter, Microsoft.VisualStudio.QualityTools.Tips.UnitTest.Adapter, Version=10.0.0.0, Culture=neutral, PublicKeyToken=b03f5f7f11d50a3a" className="DotNetCoordsTest.UnitTest1, DotNetCoordsTest, Version=1.0.0.0, Culture=neutral, PublicKeyToken=null" name="TestUTMRefToString" />
    </UnitTest>
    <UnitTest name="CompareToOSGB36WithToDatum" storage="c:\users\christopher\documents\visual studio 2010\projects\dotnetcoordstest\bin\debug\dotnetcoordstest.dll" id="71a4d3d2-504e-73c3-2121-e7d33bdb2924">
      <Execution id="56de68fc-754e-49a1-b202-a37e0be7be6c" />
      <TestMethod codeBase="C:/Users/Christopher/Documents/Visual Studio 2010/Projects/DotNetCoordsTest/bin/Debug/DotNetCoordsTest.DLL" adapterTypeName="Microsoft.VisualStudio.TestTools.TestTypes.Unit.UnitTestAdapter, Microsoft.VisualStudio.QualityTools.Tips.UnitTest.Adapter, Version=10.0.0.0, Culture=neutral, PublicKeyToken=b03f5f7f11d50a3a" className="DotNetCoordsTest.UnitTest1, DotNetCoordsTest, Version=1.0.0.0, Culture=neutral, PublicKeyToken=null" name="CompareToOSGB36WithToDatum" />
    </UnitTest>
    <UnitTest name="TestED50" storage="c:\users\christopher\documents\visual studio 2010\projects\dotnetcoordstest\bin\debug\dotnetcoordstest.dll" id="17e39a41-5c4f-5f5f-e4c1-d2582b888039">
      <Execution id="fb699a1a-8af1-4700-883c-53e998d621e9" />
      <TestMethod codeBase="C:/Users/Christopher/Documents/Visual Studio 2010/Projects/DotNetCoordsTest/bin/Debug/DotNetCoordsTest.DLL" adapterTypeName="Microsoft.VisualStudio.TestTools.TestTypes.Unit.UnitTestAdapter, Microsoft.VisualStudio.QualityTools.Tips.UnitTest.Adapter, Version=10.0.0.0, Culture=neutral, PublicKeyToken=b03f5f7f11d50a3a" className="DotNetCoordsTest.UnitTest1, DotNetCoordsTest, Version=1.0.0.0, Culture=neutral, PublicKeyToken=null" name="TestED50" />
    </UnitTest>
    <UnitTest name="TestIsValidLatLng" storage="c:\users\christopher\documents\visual studio 2010\projects\dotnetcoordstest\bin\debug\dotnetcoordstest.dll" id="5259fc02-714b-f5e9-d7ff-253fe76aa0a7">
      <Execution id="d65326f8-7a2a-49de-8df2-6e1425aac17f" />
      <TestMethod codeBase="C:/Users/Christopher/Documents/Visual Studio 2010/Projects/DotNetCoordsTest/bin/Debug/DotNetCoordsTest.DLL" adapterTypeName="Microsoft.VisualStudio.TestTools.TestTypes.Unit.UnitTestAdapter, Microsoft.VisualStudio.QualityTools.Tips.UnitTest.Adapter, Version=10.0.0.0, Culture=neutral, PublicKeyToken=b03f5f7f11d50a3a" className="DotNetCoordsTest.UnitTest1, DotNetCoordsTest, Version=1.0.0.0, Culture=neutral, PublicKeyToken=null" name="TestIsValidLatLng" />
    </UnitTest>
    <UnitTest name="TestIrishRefConstructorFromLatLng" storage="c:\users\christopher\documents\visual studio 2010\projects\dotnetcoordstest\bin\debug\dotnetcoordstest.dll" id="5c7925eb-6ef0-b35f-cac2-40ac0c37f0d2">
      <Execution id="f6176d74-1fb4-4dfb-95ee-627dd34312ad" />
      <TestMethod codeBase="C:/Users/Christopher/Documents/Visual Studio 2010/Projects/DotNetCoordsTest/bin/Debug/DotNetCoordsTest.DLL" adapterTypeName="Microsoft.VisualStudio.TestTools.TestTypes.Unit.UnitTestAdapter, Microsoft.VisualStudio.QualityTools.Tips.UnitTest.Adapter, Version=10.0.0.0, Culture=neutral, PublicKeyToken=b03f5f7f11d50a3a" className="DotNetCoordsTest.UnitTest1, DotNetCoordsTest, Version=1.0.0.0, Culture=neutral, PublicKeyToken=null" name="TestIrishRefConstructorFromLatLng" />
    </UnitTest>
    <UnitTest name="TestMgrsRefConstructor" storage="c:\users\christopher\documents\visual studio 2010\projects\dotnetcoordstest\bin\debug\dotnetcoordstest.dll" id="515dcee3-cb71-7106-3687-94748bffc385">
      <Execution id="9822588c-1ffd-4871-9f46-763389ba186e" />
      <TestMethod codeBase="C:/Users/Christopher/Documents/Visual Studio 2010/Projects/DotNetCoordsTest/bin/Debug/DotNetCoordsTest.DLL" adapterTypeName="Microsoft.VisualStudio.TestTools.TestTypes.Unit.UnitTestAdapter, Microsoft.VisualStudio.QualityTools.Tips.UnitTest.Adapter, Version=10.0.0.0, Culture=neutral, PublicKeyToken=b03f5f7f11d50a3a" className="DotNetCoordsTest.UnitTest1, DotNetCoordsTest, Version=1.0.0.0, Culture=neutral, PublicKeyToken=null" name="TestMgrsRefConstructor" />
    </UnitTest>
    <UnitTest name="TestCopyAndReverseConversion" storage="c:\users\christopher\documents\visual studio 2010\projects\dotnetcoordstest\bin\debug\dotnetcoordstest.dll" id="87a3120a-7894-b740-0fd8-4bafe3e4de0d">
      <Execution id="c4539db1-d82c-49ec-b13e-8152a3a7cd74" />
      <TestMethod codeBase="C:/Users/Christopher/Documents/Visual Studio 2010/Projects/DotNetCoordsTest/bin/Debug/DotNetCoordsTest.DLL" adapterTypeName="Microsoft.VisualStudio.TestTools.TestTypes.Unit.UnitTestAdapter, Microsoft.VisualStudio.QualityTools.Tips.UnitTest.Adapter, Version=10.0.0.0, Culture=neutral, PublicKeyToken=b03f5f7f11d50a3a" className="DotNetCoordsTest.UnitTest1, DotNetCoordsTest, Version=1.0.0.0, Culture=neutral, PublicKeyToken=null" name="TestCopyAndReverseConversion" />
    </UnitTest>
    <UnitTest name="TestLatLngConstructor2" storage="c:\users\christopher\documents\visual studio 2010\projects\dotnetcoordstest\bin\debug\dotnetcoordstest.dll" id="6a9e5a1f-23d4-b67a-b8ad-5253a5874287">
      <Execution id="74679d88-3f1d-4db6-aa43-cd6b9986b807" />
      <TestMethod codeBase="C:/Users/Christopher/Documents/Visual Studio 2010/Projects/DotNetCoordsTest/bin/Debug/DotNetCoordsTest.DLL" adapterTypeName="Microsoft.VisualStudio.TestTools.TestTypes.Unit.UnitTestAdapter, Microsoft.VisualStudio.QualityTools.Tips.UnitTest.Adapter, Version=10.0.0.0, Culture=neutral, PublicKeyToken=b03f5f7f11d50a3a" className="DotNetCoordsTest.UnitTest1, DotNetCoordsTest, Version=1.0.0.0, Culture=neutral, PublicKeyToken=null" name="TestLatLngConstructor2" />
    </UnitTest>
    <UnitTest name="TestOsRefConstructor" storage="c:\users\christopher\documents\visual studio 2010\projects\dotnetcoordstest\bin\debug\dotnetcoordstest.dll" id="ae86a07e-eca5-4bdf-80d2-6830f63952d3">
      <Execution id="207fb9d9-3d26-4bd6-b2cc-2356fce7b8b0" />
      <TestMethod codeBase="C:/Users/Christopher/Documents/Visual Studio 2010/Projects/DotNetCoordsTest/bin/Debug/DotNetCoordsTest.DLL" adapterTypeName="Microsoft.VisualStudio.TestTools.TestTypes.Unit.UnitTestAdapter, Microsoft.VisualStudio.QualityTools.Tips.UnitTest.Adapter, Version=10.0.0.0, Culture=neutral, PublicKeyToken=b03f5f7f11d50a3a" className="DotNetCoordsTest.UnitTest1, DotNetCoordsTest, Version=1.0.0.0, Culture=neutral, PublicKeyToken=null" name="TestOsRefConstructor" />
    </UnitTest>
    <UnitTest name="TestLatLngConstructor" storage="c:\users\christopher\documents\visual studio 2010\projects\dotnetcoordstest\bin\debug\dotnetcoordstest.dll" id="469e90a7-f6a1-8af4-5eee-e16e1d6fdce8">
      <Execution id="45dacae5-4b9e-46c0-af49-64ef7a3516db" />
      <TestMethod codeBase="C:/Users/Christopher/Documents/Visual Studio 2010/Projects/DotNetCoordsTest/bin/Debug/DotNetCoordsTest.DLL" adapterTypeName="Microsoft.VisualStudio.TestTools.TestTypes.Unit.UnitTestAdapter, Microsoft.VisualStudio.QualityTools.Tips.UnitTest.Adapter, Version=10.0.0.0, Culture=neutral, PublicKeyToken=b03f5f7f11d50a3a" className="DotNetCoordsTest.UnitTest1, DotNetCoordsTest, Version=1.0.0.0, Culture=neutral, PublicKeyToken=null" name="TestLatLngConstructor" />
    </UnitTest>
  </TestDefinitions>
  <TestLists>
    <TestList name="Results Not in a List" id="8c84fa94-04c1-424b-9868-57a2d4851a1d" />
    <TestList name="All Loaded Results" id="19431567-8539-422a-85d7-44ee4e166bda" />
  </TestLists>
  <TestEntries>
    <TestEntry testId="ae86a07e-eca5-4bdf-80d2-6830f63952d3" executionId="207fb9d9-3d26-4bd6-b2cc-2356fce7b8b0" testListId="8c84fa94-04c1-424b-9868-57a2d4851a1d" />
    <TestEntry testId="469e90a7-f6a1-8af4-5eee-e16e1d6fdce8" executionId="45dacae5-4b9e-46c0-af49-64ef7a3516db" testListId="8c84fa94-04c1-424b-9868-57a2d4851a1d" />
    <TestEntry testId="6a9e5a1f-23d4-b67a-b8ad-5253a5874287" executionId="74679d88-3f1d-4db6-aa43-cd6b9986b807" testListId="8c84fa94-04c1-424b-9868-57a2d4851a1d" />
    <TestEntry testId="789de91a-7598-925a-7391-ee91ddcd8368" executionId="1aa83d78-1425-4ae2-95e4-c89fbdebe169" testListId="8c84fa94-04c1-424b-9868-57a2d4851a1d" />
    <TestEntry testId="515dcee3-cb71-7106-3687-94748bffc385" executionId="9822588c-1ffd-4871-9f46-763389ba186e" testListId="8c84fa94-04c1-424b-9868-57a2d4851a1d" />
    <TestEntry testId="5259fc02-714b-f5e9-d7ff-253fe76aa0a7" executionId="d65326f8-7a2a-49de-8df2-6e1425aac17f" testListId="8c84fa94-04c1-424b-9868-57a2d4851a1d" />
    <TestEntry testId="17e39a41-5c4f-5f5f-e4c1-d2582b888039" executionId="fb699a1a-8af1-4700-883c-53e998d621e9" testListId="8c84fa94-04c1-424b-9868-57a2d4851a1d" />
    <TestEntry testId="87a3120a-7894-b740-0fd8-4bafe3e4de0d" executionId="c4539db1-d82c-49ec-b13e-8152a3a7cd74" testListId="8c84fa94-04c1-424b-9868-57a2d4851a1d" />
    <TestEntry testId="71a4d3d2-504e-73c3-2121-e7d33bdb2924" executionId="56de68fc-754e-49a1-b202-a37e0be7be6c" testListId="8c84fa94-04c1-424b-9868-57a2d4851a1d" />
    <TestEntry testId="e1b58b0d-25a5-7b09-dea6-56f9bf4e8c41" executionId="84fa1180-a284-48a0-9734-69d3167f4aa8" testListId="8c84fa94-04c1-424b-9868-57a2d4851a1d" />
    <TestEntry testId="2b8d376f-6fa3-7eb7-c1f3-0655e9a6fcdc" executionId="1721a269-cc50-4c7c-9a35-c46677dd9c29" testListId="8c84fa94-04c1-424b-9868-57a2d4851a1d" />
    <TestEntry testId="5c7925eb-6ef0-b35f-cac2-40ac0c37f0d2" executionId="f6176d74-1fb4-4dfb-95ee-627dd34312ad" testListId="8c84fa94-04c1-424b-9868-57a2d4851a1d" />
  </TestEntries>
  <Results>
    <UnitTestResult executionId="207fb9d9-3d26-4bd6-b2cc-2356fce7b8b0" testId="ae86a07e-eca5-4bdf-80d2-6830f63952d3" testName="TestOsRefConstructor" computerName="DOOGAL3" duration="00:00:00.0938165" startTime="2013-05-23T07:36:16.9234288+01:00" endTime="2013-05-23T07:36:17.5839998+01:00" testType="13cdc9d9-ddb5-4fa4-a97d-d965ccfc6d4b" outcome="Passed" testListId="8c84fa94-04c1-424b-9868-57a2d4851a1d" relativeResultsDirectory="207fb9d9-3d26-4bd6-b2cc-2356fce7b8b0">
    </UnitTestResult>
    <UnitTestResult executionId="45dacae5-4b9e-46c0-af49-64ef7a3516db" testId="469e90a7-f6a1-8af4-5eee-e16e1d6fdce8" testName="TestLatLngConstructor" computerName="DOOGAL3" duration="00:00:00.0027708" startTime="2013-05-23T07:36:17.5959998+01:00" endTime="2013-05-23T07:36:17.6030021+01:00" testType="13cdc9d9-ddb5-4fa4-a97d-d965ccfc6d4b" outcome="Passed" testListId="8c84fa94-04c1-424b-9868-57a2d4851a1d" relativeResultsDirectory="45dacae5-4b9e-46c0-af49-64ef7a3516db">
    </UnitTestResult>
    <UnitTestResult executionId="74679d88-3f1d-4db6-aa43-cd6b9986b807" testId="6a9e5a1f-23d4-b67a-b8ad-5253a5874287" testName="TestLatLngConstructor2" computerName="DOOGAL3" duration="00:00:00.0008406" startTime="2013-05-23T07:36:17.6080035+01:00" endTime="2013-05-23T07:36:17.6120059+01:00" testType="13cdc9d9-ddb5-4fa4-a97d-d965ccfc6d4b" outcome="Passed" testListId="8c84fa94-04c1-424b-9868-57a2d4851a1d" relativeResultsDirectory="74679d88-3f1d-4db6-aa43-cd6b9986b807">
    </UnitTestResult>
    <UnitTestResult executionId="1aa83d78-1425-4ae2-95e4-c89fbdebe169" testId="789de91a-7598-925a-7391-ee91ddcd8368" testName="TestUTMRefToString" computerName="DOOGAL3" duration="00:00:00.0010454" startTime="2013-05-23T07:36:17.6160065+01:00" endTime="2013-05-23T07:36:17.6200096+01:00" testType="13cdc9d9-ddb5-4fa4-a97d-d965ccfc6d4b" outcome="Passed" testListId="8c84fa94-04c1-424b-9868-57a2d4851a1d" relativeResultsDirectory="1aa83d78-1425-4ae2-95e4-c89fbdebe169">
    </UnitTestResult>
    <UnitTestResult executionId="9822588c-1ffd-4871-9f46-763389ba186e" testId="515dcee3-cb71-7106-3687-94748bffc385" testName="TestMgrsRefConstructor" computerName="DOOGAL3" duration="00:00:00.0034733" startTime="2013-05-23T07:36:17.6462697+01:00" endTime="2013-05-23T07:36:17.6522711+01:00" testType="13cdc9d9-ddb5-4fa4-a97d-d965ccfc6d4b" outcome="Passed" testListId="8c84fa94-04c1-424b-9868-57a2d4851a1d" relativeResultsDirectory="9822588c-1ffd-4871-9f46-763389ba186e">
    </UnitTestResult>
    <UnitTestResult executionId="d65326f8-7a2a-49de-8df2-6e1425aac17f" testId="5259fc02-714b-f5e9-d7ff-253fe76aa0a7" testName="TestIsValidLatLng" computerName="DOOGAL3" duration="00:00:00.0009049" startTime="2013-05-23T07:36:17.6592734+01:00" endTime="2013-05-23T07:36:17.6632751+01:00" testType="13cdc9d9-ddb5-4fa4-a97d-d965ccfc6d4b" outcome="Passed" testListId="8c84fa94-04c1-424b-9868-57a2d4851a1d" relativeResultsDirectory="d65326f8-7a2a-49de-8df2-6e1425aac17f">
    </UnitTestResult>
    <UnitTestResult executionId="fb699a1a-8af1-4700-883c-53e998d621e9" testId="17e39a41-5c4f-5f5f-e4c1-d2582b888039" testName="TestED50" computerName="DOOGAL3" duration="00:00:00.0049921" startTime="2013-05-23T07:36:17.6694994+01:00" endTime="2013-05-23T07:36:17.6775028+01:00" testType="13cdc9d9-ddb5-4fa4-a97d-d965ccfc6d4b" outcome="Passed" testListId="8c84fa94-04c1-424b-9868-57a2d4851a1d" relativeResultsDirectory="fb699a1a-8af1-4700-883c-53e998d621e9">
    </UnitTestResult>
    <UnitTestResult executionId="c4539db1-d82c-49ec-b13e-8152a3a7cd74" testId="87a3120a-7894-b740-0fd8-4bafe3e4de0d" testName="TestCopyAndReverseConversion" computerName="DOOGAL3" duration="00:00:00.0006443" startTime="2013-05-23T07:36:17.6835052+01:00" endTime="2013-05-23T07:36:17.6875069+01:00" testType="13cdc9d9-ddb5-4fa4-a97d-d965ccfc6d4b" outcome="Passed" testListId="8c84fa94-04c1-424b-9868-57a2d4851a1d" relativeResultsDirectory="c4539db1-d82c-49ec-b13e-8152a3a7cd74">
    </UnitTestResult>
    <UnitTestResult executionId="56de68fc-754e-49a1-b202-a37e0be7be6c" testId="71a4d3d2-504e-73c3-2121-e7d33bdb2924" testName="CompareToOSGB36WithToDatum" computerName="DOOGAL3" duration="00:00:00.0003115" startTime="2013-05-23T07:36:17.6925082+01:00" endTime="2013-05-23T07:36:17.6960236+01:00" testType="13cdc9d9-ddb5-4fa4-a97d-d965ccfc6d4b" outcome="Passed" testListId="8c84fa94-04c1-424b-9868-57a2d4851a1d" relativeResultsDirectory="56de68fc-754e-49a1-b202-a37e0be7be6c">
    </UnitTestResult>
    <UnitTestResult executionId="84fa1180-a284-48a0-9734-69d3167f4aa8" testId="e1b58b0d-25a5-7b09-dea6-56f9bf4e8c41" testName="CompareToWGS84WithToDatum" computerName="DOOGAL3" duration="00:00:00.0003481" startTime="2013-05-23T07:36:17.7010266+01:00" endTime="2013-05-23T07:36:17.7050259+01:00" testType="13cdc9d9-ddb5-4fa4-a97d-d965ccfc6d4b" outcome="Passed" testListId="8c84fa94-04c1-424b-9868-57a2d4851a1d" relativeResultsDirectory="84fa1180-a284-48a0-9734-69d3167f4aa8">
    </UnitTestResult>
    <UnitTestResult executionId="1721a269-cc50-4c7c-9a35-c46677dd9c29" testId="2b8d376f-6fa3-7eb7-c1f3-0655e9a6fcdc" testName="TestOsRefConstructorFromLatLng" computerName="DOOGAL3" duration="00:00:00.0018683" startTime="2013-05-23T07:36:17.7090273+01:00" endTime="2013-05-23T07:36:17.7155167+01:00" testType="13cdc9d9-ddb5-4fa4-a97d-d965ccfc6d4b" outcome="Passed" testListId="8c84fa94-04c1-424b-9868-57a2d4851a1d" relativeResultsDirectory="1721a269-cc50-4c7c-9a35-c46677dd9c29">
    </UnitTestResult>
    <UnitTestResult executionId="f6176d74-1fb4-4dfb-95ee-627dd34312ad" testId="5c7925eb-6ef0-b35f-cac2-40ac0c37f0d2" testName="TestIrishRefConstructorFromLatLng" computerName="DOOGAL3" duration="00:00:00.0026610" startTime="2013-05-23T07:36:17.7211333+01:00" endTime="2013-05-23T07:36:17.7271394+01:00" testType="13cdc9d9-ddb5-4fa4-a97d-d965ccfc6d4b" outcome="Passed" testListId="8c84fa94-04c1-424b-9868-57a2d4851a1d" relativeResultsDirectory="f6176d74-1fb4-4dfb-95ee-627dd34312ad">
    </UnitTestResult>
  </Results>
</TestRun>