<?xml version="1.0" encoding="UTF-8"?>
<TestRun id="d640ead9-101f-4d96-919c-b686113765fe" name="Christopher@DOOGAL3 2013-06-02 11:48:46" runUser="DOOGAL3\Christopher" xmlns="http://microsoft.com/schemas/VisualStudio/TeamTest/2010">
  <TestSettings name="Local Test Run" id="33459d84-86fb-491a-8874-767fff183d66">
    <Description>This is a default test run configuration for a local test run.</Description>
    <Deployment runDeploymentRoot="Christopher_DOOGAL3 2013-06-02 11_48_46">
      <DeploymentItem filename="C:\Users\Christopher\Documents\Visual Studio 2010\Projects\DotNetCoords\bin\Debug\DotNetCoords.dll" />
    </Deployment>
    <Execution>
      <TestTypeSpecific />
      <AgentRule name="Execution Agents">
      </AgentRule>
    </Execution>
  </TestSettings>
  <Times creation="2013-06-02T11:48:46.7830595+01:00" queuing="2013-06-02T11:48:47.6393054+01:00" start="2013-06-02T11:48:47.7063157+01:00" finish="2013-06-02T11:49:22.0783711+01:00" />
  <ResultSummary outcome="Error">
    <Counters total="12" executed="1" error="0" failed="0" timeout="0" aborted="1" inconclusive="0" passedButRunAborted="0" notRunnable="0" notExecuted="11" disconnected="0" warning="0" passed="0" completed="0" inProgress="0" pending="0" />
    <RunInfos>
      <RunInfo computerName="DOOGAL3" outcome="Error" timestamp="2013-06-02T11:49:22.0763690+01:00">
        <Text>Test host process exited unexpectedly.</Text>
      </RunInfo>
    </RunInfos>
  </ResultSummary>
  <TestDefinitions>
    <UnitTest name="CompareToOSGB36WithToDatum" storage="c:\users\christopher\documents\visual studio 2010\projects\dotnetcoordstest\bin\debug\dotnetcoordstest.dll" id="71a4d3d2-504e-73c3-2121-e7d33bdb2924">
      <Execution id="8bd1f6a7-cc83-4295-9f9d-d9f84003bc7b" />
      <TestMethod codeBase="C:/Users/Christopher/Documents/Visual Studio 2010/Projects/DotNetCoordsTest/bin/Debug/DotNetCoordsTest.DLL" adapterTypeName="Microsoft.VisualStudio.TestTools.TestTypes.Unit.UnitTestAdapter, Microsoft.VisualStudio.QualityTools.Tips.UnitTest.Adapter, Version=10.0.0.0, Culture=neutral, PublicKeyToken=b03f5f7f11d50a3a" className="DotNetCoordsTest.UnitTest1, DotNetCoordsTest, Version=1.0.0.0, Culture=neutral, PublicKeyToken=null" name="CompareToOSGB36WithToDatum" />
    </UnitTest>
    <UnitTest name="TestUTMRefToString" storage="c:\users\christopher\documents\visual studio 2010\projects\dotnetcoordstest\bin\debug\dotnetcoordstest.dll" id="789de91a-7598-925a-7391-ee91ddcd8368">
      <Execution id="5dbaa233-f145-4efd-a0c6-02d91dab6af5" />
      <TestMethod codeBase="C:/Users/Christopher/Documents/Visual Studio 2010/Projects/DotNetCoordsTest/bin/Debug/DotNetCoordsTest.DLL" adapterTypeName="Microsoft.VisualStudio.TestTools.TestTypes.Unit.UnitTestAdapter, Microsoft.VisualStudio.QualityTools.Tips.UnitTest.Adapter, Version=10.0.0.0, Culture=neutral, PublicKeyToken=b03f5f7f11d50a3a" className="DotNetCoordsTest.UnitTest1, DotNetCoordsTest, Version=1.0.0.0, Culture=neutral, PublicKeyToken=null" name="TestUTMRefToString" />
    </UnitTest>
    <UnitTest name="TestCopyAndReverseConversion" storage="c:\users\christopher\documents\visual studio 2010\projects\dotnetcoordstest\bin\debug\dotnetcoordstest.dll" id="87a3120a-7894-b740-0fd8-4bafe3e4de0d">
      <Execution id="bfa4ae48-1f6d-47f3-9605-ab56cbcce02a" />
      <TestMethod codeBase="C:/Users/Christopher/Documents/Visual Studio 2010/Projects/DotNetCoordsTest/bin/Debug/DotNetCoordsTest.DLL" adapterTypeName="Microsoft.VisualStudio.TestTools.TestTypes.Unit.UnitTestAdapter, Microsoft.VisualStudio.QualityTools.Tips.UnitTest.Adapter, Version=10.0.0.0, Culture=neutral, PublicKeyToken=b03f5f7f11d50a3a" className="DotNetCoordsTest.UnitTest1, DotNetCoordsTest, Version=1.0.0.0, Culture=neutral, PublicKeyToken=null" name="TestCopyAndReverseConversion" />
    </UnitTest>
    <UnitTest name="TestIrishRefConstructorFromLatLng" storage="c:\users\christopher\documents\visual studio 2010\projects\dotnetcoordstest\bin\debug\dotnetcoordstest.dll" id="5c7925eb-6ef0-b35f-cac2-40ac0c37f0d2">
      <Execution id="aafe8a66-7b01-4d45-ab32-6ae8c54f13bc" />
      <TestMethod codeBase="C:/Users/Christopher/Documents/Visual Studio 2010/Projects/DotNetCoordsTest/bin/Debug/DotNetCoordsTest.DLL" adapterTypeName="Microsoft.VisualStudio.TestTools.TestTypes.Unit.UnitTestAdapter, Microsoft.VisualStudio.QualityTools.Tips.UnitTest.Adapter, Version=10.0.0.0, Culture=neutral, PublicKeyToken=b03f5f7f11d50a3a" className="DotNetCoordsTest.UnitTest1, DotNetCoordsTest, Version=1.0.0.0, Culture=neutral, PublicKeyToken=null" name="TestIrishRefConstructorFromLatLng" />
    </UnitTest>
    <UnitTest name="TestED50" storage="c:\users\christopher\documents\visual studio 2010\projects\dotnetcoordstest\bin\debug\dotnetcoordstest.dll" id="17e39a41-5c4f-5f5f-e4c1-d2582b888039">
      <Execution id="aee7aaa4-b91e-4046-8fe2-d69aecbb2ec5" />
      <TestMethod codeBase="C:/Users/Christopher/Documents/Visual Studio 2010/Projects/DotNetCoordsTest/bin/Debug/DotNetCoordsTest.DLL" adapterTypeName="Microsoft.VisualStudio.TestTools.TestTypes.Unit.UnitTestAdapter, Microsoft.VisualStudio.QualityTools.Tips.UnitTest.Adapter, Version=10.0.0.0, Culture=neutral, PublicKeyToken=b03f5f7f11d50a3a" className="DotNetCoordsTest.UnitTest1, DotNetCoordsTest, Version=1.0.0.0, Culture=neutral, PublicKeyToken=null" name="TestED50" />
    </UnitTest>
    <UnitTest name="TestOsRefConstructorFromLatLng" storage="c:\users\christopher\documents\visual studio 2010\projects\dotnetcoordstest\bin\debug\dotnetcoordstest.dll" id="2b8d376f-6fa3-7eb7-c1f3-0655e9a6fcdc">
      <Execution id="fb58ebe0-d2ed-4159-8b29-ede9ffc88432" />
      <TestMethod codeBase="C:/Users/Christopher/Documents/Visual Studio 2010/Projects/DotNetCoordsTest/bin/Debug/DotNetCoordsTest.DLL" adapterTypeName="Microsoft.VisualStudio.TestTools.TestTypes.Unit.UnitTestAdapter, Microsoft.VisualStudio.QualityTools.Tips.UnitTest.Adapter, Version=10.0.0.0, Culture=neutral, PublicKeyToken=b03f5f7f11d50a3a" className="DotNetCoordsTest.UnitTest1, DotNetCoordsTest, Version=1.0.0.0, Culture=neutral, PublicKeyToken=null" name="TestOsRefConstructorFromLatLng" />
    </UnitTest>
    <UnitTest name="CompareToWGS84WithToDatum" storage="c:\users\christopher\documents\visual studio 2010\projects\dotnetcoordstest\bin\debug\dotnetcoordstest.dll" id="e1b58b0d-25a5-7b09-dea6-56f9bf4e8c41">
      <Execution id="a661b677-0e85-4ae7-a3eb-49da397e8837" />
      <TestMethod codeBase="C:/Users/Christopher/Documents/Visual Studio 2010/Projects/DotNetCoordsTest/bin/Debug/DotNetCoordsTest.DLL" adapterTypeName="Microsoft.VisualStudio.TestTools.TestTypes.Unit.UnitTestAdapter, Microsoft.VisualStudio.QualityTools.Tips.UnitTest.Adapter, Version=10.0.0.0, Culture=neutral, PublicKeyToken=b03f5f7f11d50a3a" className="DotNetCoordsTest.UnitTest1, DotNetCoordsTest, Version=1.0.0.0, Culture=neutral, PublicKeyToken=null" name="CompareToWGS84WithToDatum" />
    </UnitTest>
    <UnitTest name="TestMgrsRefConstructor" storage="c:\users\christopher\documents\visual studio 2010\projects\dotnetcoordstest\bin\debug\dotnetcoordstest.dll" id="515dcee3-cb71-7106-3687-94748bffc385">
      <Execution id="61d0d78f-5d22-4e8c-9b32-bc58bb2f6f8b" />
      <TestMethod codeBase="C:/Users/Christopher/Documents/Visual Studio 2010/Projects/DotNetCoordsTest/bin/Debug/DotNetCoordsTest.DLL" adapterTypeName="Microsoft.VisualStudio.TestTools.TestTypes.Unit.UnitTestAdapter, Microsoft.VisualStudio.QualityTools.Tips.UnitTest.Adapter, Version=10.0.0.0, Culture=neutral, PublicKeyToken=b03f5f7f11d50a3a" className="DotNetCoordsTest.UnitTest1, DotNetCoordsTest, Version=1.0.0.0, Culture=neutral, PublicKeyToken=null" name="TestMgrsRefConstructor" />
    </UnitTest>
    <UnitTest name="TestIsValidLatLng" storage="c:\users\christopher\documents\visual studio 2010\projects\dotnetcoordstest\bin\debug\dotnetcoordstest.dll" id="5259fc02-714b-f5e9-d7ff-253fe76aa0a7">
      <Execution id="25e126de-fa33-43c8-994b-1493e8f00c21" />
      <TestMethod codeBase="C:/Users/Christopher/Documents/Visual Studio 2010/Projects/DotNetCoordsTest/bin/Debug/DotNetCoordsTest.DLL" adapterTypeName="Microsoft.VisualStudio.TestTools.TestTypes.Unit.UnitTestAdapter, Microsoft.VisualStudio.QualityTools.Tips.UnitTest.Adapter, Version=10.0.0.0, Culture=neutral, PublicKeyToken=b03f5f7f11d50a3a" className="DotNetCoordsTest.UnitTest1, DotNetCoordsTest, Version=1.0.0.0, Culture=neutral, PublicKeyToken=null" name="TestIsValidLatLng" />
    </UnitTest>
    <UnitTest name="TestLatLngConstructor2" storage="c:\users\christopher\documents\visual studio 2010\projects\dotnetcoordstest\bin\debug\dotnetcoordstest.dll" id="6a9e5a1f-23d4-b67a-b8ad-5253a5874287">
      <Execution id="3f59ed94-1c0a-419a-8420-28a58e843737" />
      <TestMethod codeBase="C:/Users/Christopher/Documents/Visual Studio 2010/Projects/DotNetCoordsTest/bin/Debug/DotNetCoordsTest.DLL" adapterTypeName="Microsoft.VisualStudio.TestTools.TestTypes.Unit.UnitTestAdapter, Microsoft.VisualStudio.QualityTools.Tips.UnitTest.Adapter, Version=10.0.0.0, Culture=neutral, PublicKeyToken=b03f5f7f11d50a3a" className="DotNetCoordsTest.UnitTest1, DotNetCoordsTest, Version=1.0.0.0, Culture=neutral, PublicKeyToken=null" name="TestLatLngConstructor2" />
    </UnitTest>
    <UnitTest name="TestOsRefConstructor" storage="c:\users\christopher\documents\visual studio 2010\projects\dotnetcoordstest\bin\debug\dotnetcoordstest.dll" id="ae86a07e-eca5-4bdf-80d2-6830f63952d3">
      <Execution id="24531cb5-63a1-4a2a-9b86-71ad03670e7e" />
      <TestMethod codeBase="C:/Users/Christopher/Documents/Visual Studio 2010/Projects/DotNetCoordsTest/bin/Debug/DotNetCoordsTest.DLL" adapterTypeName="Microsoft.VisualStudio.TestTools.TestTypes.Unit.UnitTestAdapter, Microsoft.VisualStudio.QualityTools.Tips.UnitTest.Adapter, Version=10.0.0.0, Culture=neutral, PublicKeyToken=b03f5f7f11d50a3a" className="DotNetCoordsTest.UnitTest1, DotNetCoordsTest, Version=1.0.0.0, Culture=neutral, PublicKeyToken=null" name="TestOsRefConstructor" />
    </UnitTest>
    <UnitTest name="TestLatLngConstructor" storage="c:\users\christopher\documents\visual studio 2010\projects\dotnetcoordstest\bin\debug\dotnetcoordstest.dll" id="469e90a7-f6a1-8af4-5eee-e16e1d6fdce8">
      <Execution id="0f310d76-120a-4bfd-929a-733f7ee0def8" />
      <TestMethod codeBase="C:/Users/Christopher/Documents/Visual Studio 2010/Projects/DotNetCoordsTest/bin/Debug/DotNetCoordsTest.DLL" adapterTypeName="Microsoft.VisualStudio.TestTools.TestTypes.Unit.UnitTestAdapter, Microsoft.VisualStudio.QualityTools.Tips.UnitTest.Adapter, Version=10.0.0.0, Culture=neutral, PublicKeyToken=b03f5f7f11d50a3a" className="DotNetCoordsTest.UnitTest1, DotNetCoordsTest, Version=1.0.0.0, Culture=neutral, PublicKeyToken=null" name="TestLatLngConstructor" />
    </UnitTest>
  </TestDefinitions>
  <TestLists>
    <TestList name="Results Not in a List" id="8c84fa94-04c1-424b-9868-57a2d4851a1d" />
    <TestList name="All Loaded Results" id="19431567-8539-422a-85d7-44ee4e166bda" />
  </TestLists>
  <TestEntries>
    <TestEntry testId="ae86a07e-eca5-4bdf-80d2-6830f63952d3" executionId="24531cb5-63a1-4a2a-9b86-71ad03670e7e" testListId="8c84fa94-04c1-424b-9868-57a2d4851a1d" />
    <TestEntry testId="2b8d376f-6fa3-7eb7-c1f3-0655e9a6fcdc" executionId="fb58ebe0-d2ed-4159-8b29-ede9ffc88432" testListId="8c84fa94-04c1-424b-9868-57a2d4851a1d" />
    <TestEntry testId="5c7925eb-6ef0-b35f-cac2-40ac0c37f0d2" executionId="aafe8a66-7b01-4d45-ab32-6ae8c54f13bc" testListId="8c84fa94-04c1-424b-9868-57a2d4851a1d" />
    <TestEntry testId="469e90a7-f6a1-8af4-5eee-e16e1d6fdce8" executionId="0f310d76-120a-4bfd-929a-733f7ee0def8" testListId="8c84fa94-04c1-424b-9868-57a2d4851a1d" />
    <TestEntry testId="6a9e5a1f-23d4-b67a-b8ad-5253a5874287" executionId="3f59ed94-1c0a-419a-8420-28a58e843737" testListId="8c84fa94-04c1-424b-9868-57a2d4851a1d" />
    <TestEntry testId="789de91a-7598-925a-7391-ee91ddcd8368" executionId="5dbaa233-f145-4efd-a0c6-02d91dab6af5" testListId="8c84fa94-04c1-424b-9868-57a2d4851a1d" />
    <TestEntry testId="515dcee3-cb71-7106-3687-94748bffc385" executionId="61d0d78f-5d22-4e8c-9b32-bc58bb2f6f8b" testListId="8c84fa94-04c1-424b-9868-57a2d4851a1d" />
    <TestEntry testId="5259fc02-714b-f5e9-d7ff-253fe76aa0a7" executionId="25e126de-fa33-43c8-994b-1493e8f00c21" testListId="8c84fa94-04c1-424b-9868-57a2d4851a1d" />
    <TestEntry testId="17e39a41-5c4f-5f5f-e4c1-d2582b888039" executionId="aee7aaa4-b91e-4046-8fe2-d69aecbb2ec5" testListId="8c84fa94-04c1-424b-9868-57a2d4851a1d" />
    <TestEntry testId="87a3120a-7894-b740-0fd8-4bafe3e4de0d" executionId="bfa4ae48-1f6d-47f3-9605-ab56cbcce02a" testListId="8c84fa94-04c1-424b-9868-57a2d4851a1d" />
    <TestEntry testId="71a4d3d2-504e-73c3-2121-e7d33bdb2924" executionId="8bd1f6a7-cc83-4295-9f9d-d9f84003bc7b" testListId="8c84fa94-04c1-424b-9868-57a2d4851a1d" />
    <TestEntry testId="e1b58b0d-25a5-7b09-dea6-56f9bf4e8c41" executionId="a661b677-0e85-4ae7-a3eb-49da397e8837" testListId="8c84fa94-04c1-424b-9868-57a2d4851a1d" />
  </TestEntries>
  <Results>
    <UnitTestResult executionId="24531cb5-63a1-4a2a-9b86-71ad03670e7e" testId="ae86a07e-eca5-4bdf-80d2-6830f63952d3" testName="TestOsRefConstructor" computerName="DOOGAL3" duration="00:00:34.3077021" startTime="2013-06-02T11:48:47.7696673+01:00" endTime="2013-06-02T11:49:22.0773694+01:00" testType="13cdc9d9-ddb5-4fa4-a97d-d965ccfc6d4b" outcome="Aborted" testListId="8c84fa94-04c1-424b-9868-57a2d4851a1d" relativeResultsDirectory="24531cb5-63a1-4a2a-9b86-71ad03670e7e">
    </UnitTestResult>
    <UnitTestResult executionId="fb58ebe0-d2ed-4159-8b29-ede9ffc88432" testId="2b8d376f-6fa3-7eb7-c1f3-0655e9a6fcdc" testName="TestOsRefConstructorFromLatLng" computerName="DOOGAL3" testType="13cdc9d9-ddb5-4fa4-a97d-d965ccfc6d4b" outcome="NotExecuted" testListId="8c84fa94-04c1-424b-9868-57a2d4851a1d" relativeResultsDirectory="fb58ebe0-d2ed-4159-8b29-ede9ffc88432">
    </UnitTestResult>
    <UnitTestResult executionId="aafe8a66-7b01-4d45-ab32-6ae8c54f13bc" testId="5c7925eb-6ef0-b35f-cac2-40ac0c37f0d2" testName="TestIrishRefConstructorFromLatLng" computerName="DOOGAL3" testType="13cdc9d9-ddb5-4fa4-a97d-d965ccfc6d4b" outcome="NotExecuted" testListId="8c84fa94-04c1-424b-9868-57a2d4851a1d" relativeResultsDirectory="aafe8a66-7b01-4d45-ab32-6ae8c54f13bc">
    </UnitTestResult>
    <UnitTestResult executionId="0f310d76-120a-4bfd-929a-733f7ee0def8" testId="469e90a7-f6a1-8af4-5eee-e16e1d6fdce8" testName="TestLatLngConstructor" computerName="DOOGAL3" testType="13cdc9d9-ddb5-4fa4-a97d-d965ccfc6d4b" outcome="NotExecuted" testListId="8c84fa94-04c1-424b-9868-57a2d4851a1d" relativeResultsDirectory="0f310d76-120a-4bfd-929a-733f7ee0def8">
    </UnitTestResult>
    <UnitTestResult executionId="3f59ed94-1c0a-419a-8420-28a58e843737" testId="6a9e5a1f-23d4-b67a-b8ad-5253a5874287" testName="TestLatLngConstructor2" computerName="DOOGAL3" testType="13cdc9d9-ddb5-4fa4-a97d-d965ccfc6d4b" outcome="NotExecuted" testListId="8c84fa94-04c1-424b-9868-57a2d4851a1d" relativeResultsDirectory="3f59ed94-1c0a-419a-8420-28a58e843737">
    </UnitTestResult>
    <UnitTestResult executionId="5dbaa233-f145-4efd-a0c6-02d91dab6af5" testId="789de91a-7598-925a-7391-ee91ddcd8368" testName="TestUTMRefToString" computerName="DOOGAL3" testType="13cdc9d9-ddb5-4fa4-a97d-d965ccfc6d4b" outcome="NotExecuted" testListId="8c84fa94-04c1-424b-9868-57a2d4851a1d" relativeResultsDirectory="5dbaa233-f145-4efd-a0c6-02d91dab6af5">
    </UnitTestResult>
    <UnitTestResult executionId="61d0d78f-5d22-4e8c-9b32-bc58bb2f6f8b" testId="515dcee3-cb71-7106-3687-94748bffc385" testName="TestMgrsRefConstructor" computerName="DOOGAL3" testType="13cdc9d9-ddb5-4fa4-a97d-d965ccfc6d4b" outcome="NotExecuted" testListId="8c84fa94-04c1-424b-9868-57a2d4851a1d" relativeResultsDirectory="61d0d78f-5d22-4e8c-9b32-bc58bb2f6f8b">
    </UnitTestResult>
    <UnitTestResult executionId="25e126de-fa33-43c8-994b-1493e8f00c21" testId="5259fc02-714b-f5e9-d7ff-253fe76aa0a7" testName="TestIsValidLatLng" computerName="DOOGAL3" testType="13cdc9d9-ddb5-4fa4-a97d-d965ccfc6d4b" outcome="NotExecuted" testListId="8c84fa94-04c1-424b-9868-57a2d4851a1d" relativeResultsDirectory="25e126de-fa33-43c8-994b-1493e8f00c21">
    </UnitTestResult>
    <UnitTestResult executionId="aee7aaa4-b91e-4046-8fe2-d69aecbb2ec5" testId="17e39a41-5c4f-5f5f-e4c1-d2582b888039" testName="TestED50" computerName="DOOGAL3" testType="13cdc9d9-ddb5-4fa4-a97d-d965ccfc6d4b" outcome="NotExecuted" testListId="8c84fa94-04c1-424b-9868-57a2d4851a1d" relativeResultsDirectory="aee7aaa4-b91e-4046-8fe2-d69aecbb2ec5">
    </UnitTestResult>
    <UnitTestResult executionId="bfa4ae48-1f6d-47f3-9605-ab56cbcce02a" testId="87a3120a-7894-b740-0fd8-4bafe3e4de0d" testName="TestCopyAndReverseConversion" computerName="DOOGAL3" testType="13cdc9d9-ddb5-4fa4-a97d-d965ccfc6d4b" outcome="NotExecuted" testListId="8c84fa94-04c1-424b-9868-57a2d4851a1d" relativeResultsDirectory="bfa4ae48-1f6d-47f3-9605-ab56cbcce02a">
    </UnitTestResult>
    <UnitTestResult executionId="8bd1f6a7-cc83-4295-9f9d-d9f84003bc7b" testId="71a4d3d2-504e-73c3-2121-e7d33bdb2924" testName="CompareToOSGB36WithToDatum" computerName="DOOGAL3" testType="13cdc9d9-ddb5-4fa4-a97d-d965ccfc6d4b" outcome="NotExecuted" testListId="8c84fa94-04c1-424b-9868-57a2d4851a1d" relativeResultsDirectory="8bd1f6a7-cc83-4295-9f9d-d9f84003bc7b">
    </UnitTestResult>
    <UnitTestResult executionId="a661b677-0e85-4ae7-a3eb-49da397e8837" testId="e1b58b0d-25a5-7b09-dea6-56f9bf4e8c41" testName="CompareToWGS84WithToDatum" computerName="DOOGAL3" testType="13cdc9d9-ddb5-4fa4-a97d-d965ccfc6d4b" outcome="NotExecuted" testListId="8c84fa94-04c1-424b-9868-57a2d4851a1d" relativeResultsDirectory="a661b677-0e85-4ae7-a3eb-49da397e8837">
    </UnitTestResult>
  </Results>
</TestRun>