<?xml version="1.0" encoding="UTF-8"?>
<TestRun id="907faa56-1f48-4c0e-972b-6ef6dd8c8c76" name="Christopher@DOOGAL3 2013-05-23 06:15:55" runUser="DOOGAL3\Christopher" xmlns="http://microsoft.com/schemas/VisualStudio/TeamTest/2010">
  <TestSettings name="Local Test Run" id="33459d84-86fb-491a-8874-767fff183d66">
    <Description>This is a default test run configuration for a local test run.</Description>
    <Deployment runDeploymentRoot="Christopher_DOOGAL3 2013-05-23 06_15_55">
      <DeploymentItem filename="C:\Users\Christopher\Documents\Visual Studio 2010\Projects\DotNetCoords\bin\Debug\DotNetCoords.dll" />
    </Deployment>
    <Execution>
      <TestTypeSpecific />
      <AgentRule name="Execution Agents">
      </AgentRule>
    </Execution>
  </TestSettings>
  <Times creation="2013-05-23T06:15:55.5863874+01:00" queuing="2013-05-23T06:15:56.5658386+01:00" start="2013-05-23T06:15:56.6595933+01:00" finish="2013-05-23T06:16:04.5428213+01:00" />
  <ResultSummary outcome="Error">
    <Counters total="11" executed="11" passed="10" error="0" failed="0" timeout="0" aborted="1" inconclusive="0" passedButRunAborted="0" notRunnable="0" notExecuted="0" disconnected="0" warning="0" completed="0" inProgress="0" pending="0" />
    <RunInfos>
      <RunInfo computerName="DOOGAL3" outcome="Error" timestamp="2013-05-23T06:16:04.5418206+01:00">
        <Text>Test host process exited unexpectedly.</Text>
      </RunInfo>
    </RunInfos>
  </ResultSummary>
  <TestDefinitions>
    <UnitTest name="TestOsRefConstructorFromLatLng" storage="c:\users\christopher\documents\visual studio 2010\projects\dotnetcoordstest\bin\debug\dotnetcoordstest.dll" id="2b8d376f-6fa3-7eb7-c1f3-0655e9a6fcdc">
      <Execution id="2f951b16-3233-4a10-8baa-437ef2d435d0" />
      <TestMethod codeBase="C:/Users/Christopher/Documents/Visual Studio 2010/Projects/DotNetCoordsTest/bin/Debug/DotNetCoordsTest.DLL" adapterTypeName="Microsoft.VisualStudio.TestTools.TestTypes.Unit.UnitTestAdapter, Microsoft.VisualStudio.QualityTools.Tips.UnitTest.Adapter, Version=10.0.0.0, Culture=neutral, PublicKeyToken=b03f5f7f11d50a3a" className="DotNetCoordsTest.UnitTest1, DotNetCoordsTest, Version=1.0.0.0, Culture=neutral, PublicKeyToken=null" name="TestOsRefConstructorFromLatLng" />
    </UnitTest>
    <UnitTest name="CompareToWGS84WithToDatum" storage="c:\users\christopher\documents\visual studio 2010\projects\dotnetcoordstest\bin\debug\dotnetcoordstest.dll" id="e1b58b0d-25a5-7b09-dea6-56f9bf4e8c41">
      <Execution id="a5206934-6d9a-4fab-a98a-d56106e2729a" />
      <TestMethod codeBase="C:/Users/Christopher/Documents/Visual Studio 2010/Projects/DotNetCoordsTest/bin/Debug/DotNetCoordsTest.DLL" adapterTypeName="Microsoft.VisualStudio.TestTools.TestTypes.Unit.UnitTestAdapter, Microsoft.VisualStudio.QualityTools.Tips.UnitTest.Adapter, Version=10.0.0.0, Culture=neutral, PublicKeyToken=b03f5f7f11d50a3a" className="DotNetCoordsTest.UnitTest1, DotNetCoordsTest, Version=1.0.0.0, Culture=neutral, PublicKeyToken=null" name="CompareToWGS84WithToDatum" />
    </UnitTest>
    <UnitTest name="TestUTMRefToString" storage="c:\users\christopher\documents\visual studio 2010\projects\dotnetcoordstest\bin\debug\dotnetcoordstest.dll" id="789de91a-7598-925a-7391-ee91ddcd8368">
      <Execution id="3ea9c358-4805-4333-8e76-3c0581fcf5fa" />
      <TestMethod codeBase="C:/Users/Christopher/Documents/Visual Studio 2010/Projects/DotNetCoordsTest/bin/Debug/DotNetCoordsTest.DLL" adapterTypeName="Microsoft.VisualStudio.TestTools.TestTypes.Unit.UnitTestAdapter, Microsoft.VisualStudio.QualityTools.Tips.UnitTest.Adapter, Version=10.0.0.0, Culture=neutral, PublicKeyToken=b03f5f7f11d50a3a" className="DotNetCoordsTest.UnitTest1, DotNetCoordsTest, Version=1.0.0.0, Culture=neutral, PublicKeyToken=null" name="TestUTMRefToString" />
    </UnitTest>
    <UnitTest name="CompareToOSGB36WithToDatum" storage="c:\users\christopher\documents\visual studio 2010\projects\dotnetcoordstest\bin\debug\dotnetcoordstest.dll" id="71a4d3d2-504e-73c3-2121-e7d33bdb2924">
      <Execution id="962100f6-3110-43a8-9d6e-ab70edecd3e3" />
      <TestMethod codeBase="C:/Users/Christopher/Documents/Visual Studio 2010/Projects/DotNetCoordsTest/bin/Debug/DotNetCoordsTest.DLL" adapterTypeName="Microsoft.VisualStudio.TestTools.TestTypes.Unit.UnitTestAdapter, Microsoft.VisualStudio.QualityTools.Tips.UnitTest.Adapter, Version=10.0.0.0, Culture=neutral, PublicKeyToken=b03f5f7f11d50a3a" className="DotNetCoordsTest.UnitTest1, DotNetCoordsTest, Version=1.0.0.0, Culture=neutral, PublicKeyToken=null" name="CompareToOSGB36WithToDatum" />
    </UnitTest>
    <UnitTest name="TestED50" storage="c:\users\christopher\documents\visual studio 2010\projects\dotnetcoordstest\bin\debug\dotnetcoordstest.dll" id="17e39a41-5c4f-5f5f-e4c1-d2582b888039">
      <Execution id="72bb27c4-45a2-477c-9224-b38e737f313f" />
      <TestMethod codeBase="C:/Users/Christopher/Documents/Visual Studio 2010/Projects/DotNetCoordsTest/bin/Debug/DotNetCoordsTest.DLL" adapterTypeName="Microsoft.VisualStudio.TestTools.TestTypes.Unit.UnitTestAdapter, Microsoft.VisualStudio.QualityTools.Tips.UnitTest.Adapter, Version=10.0.0.0, Culture=neutral, PublicKeyToken=b03f5f7f11d50a3a" className="DotNetCoordsTest.UnitTest1, DotNetCoordsTest, Version=1.0.0.0, Culture=neutral, PublicKeyToken=null" name="TestED50" />
    </UnitTest>
    <UnitTest name="TestIsValidLatLng" storage="c:\users\christopher\documents\visual studio 2010\projects\dotnetcoordstest\bin\debug\dotnetcoordstest.dll" id="5259fc02-714b-f5e9-d7ff-253fe76aa0a7">
      <Execution id="255964a4-25ea-4f98-9c9a-1b9efc764275" />
      <TestMethod codeBase="C:/Users/Christopher/Documents/Visual Studio 2010/Projects/DotNetCoordsTest/bin/Debug/DotNetCoordsTest.DLL" adapterTypeName="Microsoft.VisualStudio.TestTools.TestTypes.Unit.UnitTestAdapter, Microsoft.VisualStudio.QualityTools.Tips.UnitTest.Adapter, Version=10.0.0.0, Culture=neutral, PublicKeyToken=b03f5f7f11d50a3a" className="DotNetCoordsTest.UnitTest1, DotNetCoordsTest, Version=1.0.0.0, Culture=neutral, PublicKeyToken=null" name="TestIsValidLatLng" />
    </UnitTest>
    <UnitTest name="TestMgrsRefConstructor" storage="c:\users\christopher\documents\visual studio 2010\projects\dotnetcoordstest\bin\debug\dotnetcoordstest.dll" id="515dcee3-cb71-7106-3687-94748bffc385">
      <Execution id="63419cf4-04f3-4ad3-9a73-f2ead6659db5" />
      <TestMethod codeBase="C:/Users/Christopher/Documents/Visual Studio 2010/Projects/DotNetCoordsTest/bin/Debug/DotNetCoordsTest.DLL" adapterTypeName="Microsoft.VisualStudio.TestTools.TestTypes.Unit.UnitTestAdapter, Microsoft.VisualStudio.QualityTools.Tips.UnitTest.Adapter, Version=10.0.0.0, Culture=neutral, PublicKeyToken=b03f5f7f11d50a3a" className="DotNetCoordsTest.UnitTest1, DotNetCoordsTest, Version=1.0.0.0, Culture=neutral, PublicKeyToken=null" name="TestMgrsRefConstructor" />
    </UnitTest>
    <UnitTest name="TestCopyAndReverseConversion" storage="c:\users\christopher\documents\visual studio 2010\projects\dotnetcoordstest\bin\debug\dotnetcoordstest.dll" id="87a3120a-7894-b740-0fd8-4bafe3e4de0d">
      <Execution id="c0c9a161-08b8-45b9-b230-5d8445f44ed4" />
      <TestMethod codeBase="C:/Users/Christopher/Documents/Visual Studio 2010/Projects/DotNetCoordsTest/bin/Debug/DotNetCoordsTest.DLL" adapterTypeName="Microsoft.VisualStudio.TestTools.TestTypes.Unit.UnitTestAdapter, Microsoft.VisualStudio.QualityTools.Tips.UnitTest.Adapter, Version=10.0.0.0, Culture=neutral, PublicKeyToken=b03f5f7f11d50a3a" className="DotNetCoordsTest.UnitTest1, DotNetCoordsTest, Version=1.0.0.0, Culture=neutral, PublicKeyToken=null" name="TestCopyAndReverseConversion" />
    </UnitTest>
    <UnitTest name="TestLatLngConstructor2" storage="c:\users\christopher\documents\visual studio 2010\projects\dotnetcoordstest\bin\debug\dotnetcoordstest.dll" id="6a9e5a1f-23d4-b67a-b8ad-5253a5874287">
      <Execution id="0d254336-4f59-4183-9df2-6e425f3168e9" />
      <TestMethod codeBase="C:/Users/Christopher/Documents/Visual Studio 2010/Projects/DotNetCoordsTest/bin/Debug/DotNetCoordsTest.DLL" adapterTypeName="Microsoft.VisualStudio.TestTools.TestTypes.Unit.UnitTestAdapter, Microsoft.VisualStudio.QualityTools.Tips.UnitTest.Adapter, Version=10.0.0.0, Culture=neutral, PublicKeyToken=b03f5f7f11d50a3a" className="DotNetCoordsTest.UnitTest1, DotNetCoordsTest, Version=1.0.0.0, Culture=neutral, PublicKeyToken=null" name="TestLatLngConstructor2" />
    </UnitTest>
    <UnitTest name="TestOsRefConstructor" storage="c:\users\christopher\documents\visual studio 2010\projects\dotnetcoordstest\bin\debug\dotnetcoordstest.dll" id="ae86a07e-eca5-4bdf-80d2-6830f63952d3">
      <Execution id="f79868ba-3d36-477b-a85c-e937b1261a03" />
      <TestMethod codeBase="C:/Users/Christopher/Documents/Visual Studio 2010/Projects/DotNetCoordsTest/bin/Debug/DotNetCoordsTest.DLL" adapterTypeName="Microsoft.VisualStudio.TestTools.TestTypes.Unit.UnitTestAdapter, Microsoft.VisualStudio.QualityTools.Tips.UnitTest.Adapter, Version=10.0.0.0, Culture=neutral, PublicKeyToken=b03f5f7f11d50a3a" className="DotNetCoordsTest.UnitTest1, DotNetCoordsTest, Version=1.0.0.0, Culture=neutral, PublicKeyToken=null" name="TestOsRefConstructor" />
    </UnitTest>
    <UnitTest name="TestLatLngConstructor" storage="c:\users\christopher\documents\visual studio 2010\projects\dotnetcoordstest\bin\debug\dotnetcoordstest.dll" id="469e90a7-f6a1-8af4-5eee-e16e1d6fdce8">
      <Execution id="1fb56050-4bee-4215-9a01-d8b3c35f5091" />
      <TestMethod codeBase="C:/Users/Christopher/Documents/Visual Studio 2010/Projects/DotNetCoordsTest/bin/Debug/DotNetCoordsTest.DLL" adapterTypeName="Microsoft.VisualStudio.TestTools.TestTypes.Unit.UnitTestAdapter, Microsoft.VisualStudio.QualityTools.Tips.UnitTest.Adapter, Version=10.0.0.0, Culture=neutral, PublicKeyToken=b03f5f7f11d50a3a" className="DotNetCoordsTest.UnitTest1, DotNetCoordsTest, Version=1.0.0.0, Culture=neutral, PublicKeyToken=null" name="TestLatLngConstructor" />
    </UnitTest>
  </TestDefinitions>
  <TestLists>
    <TestList name="Results Not in a List" id="8c84fa94-04c1-424b-9868-57a2d4851a1d" />
    <TestList name="All Loaded Results" id="19431567-8539-422a-85d7-44ee4e166bda" />
  </TestLists>
  <TestEntries>
    <TestEntry testId="ae86a07e-eca5-4bdf-80d2-6830f63952d3" executionId="f79868ba-3d36-477b-a85c-e937b1261a03" testListId="8c84fa94-04c1-424b-9868-57a2d4851a1d" />
    <TestEntry testId="469e90a7-f6a1-8af4-5eee-e16e1d6fdce8" executionId="1fb56050-4bee-4215-9a01-d8b3c35f5091" testListId="8c84fa94-04c1-424b-9868-57a2d4851a1d" />
    <TestEntry testId="6a9e5a1f-23d4-b67a-b8ad-5253a5874287" executionId="0d254336-4f59-4183-9df2-6e425f3168e9" testListId="8c84fa94-04c1-424b-9868-57a2d4851a1d" />
    <TestEntry testId="789de91a-7598-925a-7391-ee91ddcd8368" executionId="3ea9c358-4805-4333-8e76-3c0581fcf5fa" testListId="8c84fa94-04c1-424b-9868-57a2d4851a1d" />
    <TestEntry testId="515dcee3-cb71-7106-3687-94748bffc385" executionId="63419cf4-04f3-4ad3-9a73-f2ead6659db5" testListId="8c84fa94-04c1-424b-9868-57a2d4851a1d" />
    <TestEntry testId="5259fc02-714b-f5e9-d7ff-253fe76aa0a7" executionId="255964a4-25ea-4f98-9c9a-1b9efc764275" testListId="8c84fa94-04c1-424b-9868-57a2d4851a1d" />
    <TestEntry testId="17e39a41-5c4f-5f5f-e4c1-d2582b888039" executionId="72bb27c4-45a2-477c-9224-b38e737f313f" testListId="8c84fa94-04c1-424b-9868-57a2d4851a1d" />
    <TestEntry testId="87a3120a-7894-b740-0fd8-4bafe3e4de0d" executionId="c0c9a161-08b8-45b9-b230-5d8445f44ed4" testListId="8c84fa94-04c1-424b-9868-57a2d4851a1d" />
    <TestEntry testId="71a4d3d2-504e-73c3-2121-e7d33bdb2924" executionId="962100f6-3110-43a8-9d6e-ab70edecd3e3" testListId="8c84fa94-04c1-424b-9868-57a2d4851a1d" />
    <TestEntry testId="e1b58b0d-25a5-7b09-dea6-56f9bf4e8c41" executionId="a5206934-6d9a-4fab-a98a-d56106e2729a" testListId="8c84fa94-04c1-424b-9868-57a2d4851a1d" />
    <TestEntry testId="2b8d376f-6fa3-7eb7-c1f3-0655e9a6fcdc" executionId="2f951b16-3233-4a10-8baa-437ef2d435d0" testListId="8c84fa94-04c1-424b-9868-57a2d4851a1d" />
  </TestEntries>
  <Results>
    <UnitTestResult executionId="f79868ba-3d36-477b-a85c-e937b1261a03" testId="ae86a07e-eca5-4bdf-80d2-6830f63952d3" testName="TestOsRefConstructor" computerName="DOOGAL3" duration="00:00:00.0277549" startTime="2013-05-23T06:15:56.7476209+01:00" endTime="2013-05-23T06:15:57.2863920+01:00" testType="13cdc9d9-ddb5-4fa4-a97d-d965ccfc6d4b" outcome="Passed" testListId="8c84fa94-04c1-424b-9868-57a2d4851a1d" relativeResultsDirectory="f79868ba-3d36-477b-a85c-e937b1261a03">
    </UnitTestResult>
    <UnitTestResult executionId="1fb56050-4bee-4215-9a01-d8b3c35f5091" testId="469e90a7-f6a1-8af4-5eee-e16e1d6fdce8" testName="TestLatLngConstructor" computerName="DOOGAL3" duration="00:00:00.0027845" startTime="2013-05-23T06:15:57.2923933+01:00" endTime="2013-05-23T06:15:57.2994829+01:00" testType="13cdc9d9-ddb5-4fa4-a97d-d965ccfc6d4b" outcome="Passed" testListId="8c84fa94-04c1-424b-9868-57a2d4851a1d" relativeResultsDirectory="1fb56050-4bee-4215-9a01-d8b3c35f5091">
    </UnitTestResult>
    <UnitTestResult executionId="0d254336-4f59-4183-9df2-6e425f3168e9" testId="6a9e5a1f-23d4-b67a-b8ad-5253a5874287" testName="TestLatLngConstructor2" computerName="DOOGAL3" duration="00:00:00.0008443" startTime="2013-05-23T06:15:57.3044185+01:00" endTime="2013-05-23T06:15:57.3087362+01:00" testType="13cdc9d9-ddb5-4fa4-a97d-d965ccfc6d4b" outcome="Passed" testListId="8c84fa94-04c1-424b-9868-57a2d4851a1d" relativeResultsDirectory="0d254336-4f59-4183-9df2-6e425f3168e9">
    </UnitTestResult>
    <UnitTestResult executionId="3ea9c358-4805-4333-8e76-3c0581fcf5fa" testId="789de91a-7598-925a-7391-ee91ddcd8368" testName="TestUTMRefToString" computerName="DOOGAL3" duration="00:00:00.0010215" startTime="2013-05-23T06:15:57.3127390+01:00" endTime="2013-05-23T06:15:57.3157393+01:00" testType="13cdc9d9-ddb5-4fa4-a97d-d965ccfc6d4b" outcome="Passed" testListId="8c84fa94-04c1-424b-9868-57a2d4851a1d" relativeResultsDirectory="3ea9c358-4805-4333-8e76-3c0581fcf5fa">
    </UnitTestResult>
    <UnitTestResult executionId="63419cf4-04f3-4ad3-9a73-f2ead6659db5" testId="515dcee3-cb71-7106-3687-94748bffc385" testName="TestMgrsRefConstructor" computerName="DOOGAL3" duration="00:00:00.0034821" startTime="2013-05-23T06:15:57.3207413+01:00" endTime="2013-05-23T06:15:57.3269858+01:00" testType="13cdc9d9-ddb5-4fa4-a97d-d965ccfc6d4b" outcome="Passed" testListId="8c84fa94-04c1-424b-9868-57a2d4851a1d" relativeResultsDirectory="63419cf4-04f3-4ad3-9a73-f2ead6659db5">
    </UnitTestResult>
    <UnitTestResult executionId="255964a4-25ea-4f98-9c9a-1b9efc764275" testId="5259fc02-714b-f5e9-d7ff-253fe76aa0a7" testName="TestIsValidLatLng" computerName="DOOGAL3" duration="00:00:00.0008854" startTime="2013-05-23T06:15:57.3313090+01:00" endTime="2013-05-23T06:15:57.3353120+01:00" testType="13cdc9d9-ddb5-4fa4-a97d-d965ccfc6d4b" outcome="Passed" testListId="8c84fa94-04c1-424b-9868-57a2d4851a1d" relativeResultsDirectory="255964a4-25ea-4f98-9c9a-1b9efc764275">
    </UnitTestResult>
    <UnitTestResult executionId="72bb27c4-45a2-477c-9224-b38e737f313f" testId="17e39a41-5c4f-5f5f-e4c1-d2582b888039" testName="TestED50" computerName="DOOGAL3" duration="00:00:00.0051470" startTime="2013-05-23T06:15:57.3584354+01:00" endTime="2013-05-23T06:15:57.3674391+01:00" testType="13cdc9d9-ddb5-4fa4-a97d-d965ccfc6d4b" outcome="Passed" testListId="8c84fa94-04c1-424b-9868-57a2d4851a1d" relativeResultsDirectory="72bb27c4-45a2-477c-9224-b38e737f313f">
    </UnitTestResult>
    <UnitTestResult executionId="c0c9a161-08b8-45b9-b230-5d8445f44ed4" testId="87a3120a-7894-b740-0fd8-4bafe3e4de0d" testName="TestCopyAndReverseConversion" computerName="DOOGAL3" duration="00:00:00.0006296" startTime="2013-05-23T06:15:57.3708454+01:00" endTime="2013-05-23T06:15:57.3748474+01:00" testType="13cdc9d9-ddb5-4fa4-a97d-d965ccfc6d4b" outcome="Passed" testListId="8c84fa94-04c1-424b-9868-57a2d4851a1d" relativeResultsDirectory="c0c9a161-08b8-45b9-b230-5d8445f44ed4">
    </UnitTestResult>
    <UnitTestResult executionId="962100f6-3110-43a8-9d6e-ab70edecd3e3" testId="71a4d3d2-504e-73c3-2121-e7d33bdb2924" testName="CompareToOSGB36WithToDatum" computerName="DOOGAL3" duration="00:00:00.0002968" startTime="2013-05-23T06:15:57.3784008+01:00" endTime="2013-05-23T06:15:57.3824028+01:00" testType="13cdc9d9-ddb5-4fa4-a97d-d965ccfc6d4b" outcome="Passed" testListId="8c84fa94-04c1-424b-9868-57a2d4851a1d" relativeResultsDirectory="962100f6-3110-43a8-9d6e-ab70edecd3e3">
    </UnitTestResult>
    <UnitTestResult executionId="a5206934-6d9a-4fab-a98a-d56106e2729a" testId="e1b58b0d-25a5-7b09-dea6-56f9bf4e8c41" testName="CompareToWGS84WithToDatum" computerName="DOOGAL3" duration="00:00:00.0003409" startTime="2013-05-23T06:15:57.4063380+01:00" endTime="2013-05-23T06:15:57.4099516+01:00" testType="13cdc9d9-ddb5-4fa4-a97d-d965ccfc6d4b" outcome="Passed" testListId="8c84fa94-04c1-424b-9868-57a2d4851a1d" relativeResultsDirectory="a5206934-6d9a-4fab-a98a-d56106e2729a">
    </UnitTestResult>
    <UnitTestResult executionId="2f951b16-3233-4a10-8baa-437ef2d435d0" testId="2b8d376f-6fa3-7eb7-c1f3-0655e9a6fcdc" testName="TestOsRefConstructorFromLatLng" computerName="DOOGAL3" duration="00:00:07.1288684" startTime="2013-05-23T06:15:57.4139529+01:00" endTime="2013-05-23T06:16:04.5428213+01:00" testType="13cdc9d9-ddb5-4fa4-a97d-d965ccfc6d4b" outcome="Aborted" testListId="8c84fa94-04c1-424b-9868-57a2d4851a1d" relativeResultsDirectory="2f951b16-3233-4a10-8baa-437ef2d435d0">
    </UnitTestResult>
  </Results>
</TestRun>